<?xml version="1.0" encoding="UTF-8"?>
<!-- Generated by org.testng.reporters.JUnitXMLReporter -->
<testsuite ignored="0" hostname="DESKTOP-8BIQ62C" failures="2" tests="2" name="Test" time="27.945" errors="0" timestamp="2023-06-13T21:47:48 IST">
  <testcase classname="io.cucumber.testng.AbstractTestNGCucumberTests" name="runScenario" time="14.001">
    <failure type="java.lang.NullPointerException">
      <![CDATA[java.lang.NullPointerException
at Steps_definitations.LoginSteps.enter_valid_and(LoginSteps.java:32)
at ✽.Enter valid "dorababu5424@gmail.com" and "Dorababu1234".(file:///C:/Users/SVC/Downloads/automationfolder/WebApplicationAutomation/src/test/resources/Features/Webapplication_FacebookLogin.feature:7)
]]>
    </failure>
  </testcase> <!-- runScenario -->
  <testcase classname="io.cucumber.testng.AbstractTestNGCucumberTests" name="runScenario" time="8.61">
    <failure type="java.lang.NullPointerException">
      <![CDATA[java.lang.NullPointerException
at Steps_definitations.LoginSteps.enter_valid_and(LoginSteps.java:32)
at ✽.Enter valid "dorababu5424@gmail.com" and "Dorababu1234".(file:///C:/Users/SVC/Downloads/automationfolder/WebApplicationAutomation/src/test/resources/Features/Webapplication_FacebookLogin.feature:17)
]]>
    </failure>
  </testcase> <!-- runScenario -->
</testsuite> <!-- Test -->
