<?xml version="1.0" encoding="UTF-8"?>
<!-- Generated by org.testng.reporters.JUnitXMLReporter -->
<testsuite ignored="0" hostname="DESKTOP-8BIQ62C" failures="2" tests="2" name="Test" time="5.801" errors="0" timestamp="2023-06-13T11:55:00 IST">
  <testcase classname="io.cucumber.testng.AbstractTestNGCucumberTests" name="runScenario" time="0.522">
    <failure type="java.lang.NullPointerException">
      <![CDATA[java.lang.NullPointerException
at Steps_definitations.LoginSteps.open_the_url(LoginSteps.java:23)
at ✽.Open the url "https://www.facebook.com/"(file:///C:/Users/SVC/Downloads/automationfolder/WebApplicationAutomation/src/test/resources/Features/Webapplication_FacebookLogin.feature:6)
]]>
    </failure>
  </testcase> <!-- runScenario -->
  <testcase classname="io.cucumber.testng.AbstractTestNGCucumberTests" name="runScenario" time="0.05">
    <failure type="java.lang.NullPointerException">
      <![CDATA[java.lang.NullPointerException
at Steps_definitations.LoginSteps.open_the_url(LoginSteps.java:23)
at ✽.Open the url "https://www.facebook.com/"(file:///C:/Users/SVC/Downloads/automationfolder/WebApplicationAutomation/src/test/resources/Features/Webapplication_FacebookLogin.feature:16)
]]>
    </failure>
  </testcase> <!-- runScenario -->
</testsuite> <!-- Test -->
