<?xml version="1.0" encoding="UTF-8"?>
<testng-results ignored="0" total="2" passed="0" failed="2" skipped="0">
  <reporter-output>
  </reporter-output>
  <suite started-at="2023-06-13T11:54:54 IST" name="Suite" finished-at="2023-06-13T11:55:00 IST" duration-ms="5801">
    <groups>
      <group name="cucumber">
        <method signature="AbstractTestNGCucumberTests.runScenario(io.cucumber.testng.PickleWrapper,io.cucumber.testng.FeatureWrapper)[pri:0, instance:CucumberIndex.CucumberRunner@2cb4893b]" name="runScenario" class="io.cucumber.testng.AbstractTestNGCucumberTests"/>
      </group> <!-- cucumber -->
    </groups>
    <test started-at="2023-06-13T11:54:54 IST" name="Test" finished-at="2023-06-13T11:55:00 IST" duration-ms="5801">
      <class name="CucumberIndex.CucumberRunner">
        <test-method is-config="true" signature="setUpClass(org.testng.ITestContext)[pri:0, instance:CucumberIndex.CucumberRunner@2cb4893b]" started-at="2023-06-13T11:54:54 IST" name="setUpClass" finished-at="2023-06-13T11:54:56 IST" duration-ms="2036" status="PASS">
          <params>
            <param index="0">
              <value>
                <![CDATA[org.testng.TestRunner@1de0a46c]]>
              </value>
            </param>
          </params>
          <reporter-output>
          </reporter-output>
        </test-method> <!-- setUpClass -->
        <test-method signature="runScenario(io.cucumber.testng.PickleWrapper,io.cucumber.testng.FeatureWrapper)[pri:0, instance:CucumberIndex.CucumberRunner@2cb4893b]" started-at="2023-06-13T11:54:56 IST" name="runScenario" description="Runs Cucumber Scenarios" data-provider="scenarios" finished-at="2023-06-13T11:54:57 IST" duration-ms="522" status="FAIL">
          <params>
            <param index="0">
              <value>
                <![CDATA["Verify successful login"]]>
              </value>
            </param>
            <param index="1">
              <value>
                <![CDATA["Optional[Facebook login functionality]"]]>
              </value>
            </param>
          </params>
          <exception class="java.lang.NullPointerException">
            <full-stacktrace>
              <![CDATA[java.lang.NullPointerException
at Steps_definitations.LoginSteps.open_the_url(LoginSteps.java:23)
at ✽.Open the url "https://www.facebook.com/"(file:///C:/Users/SVC/Downloads/automationfolder/WebApplicationAutomation/src/test/resources/Features/Webapplication_FacebookLogin.feature:6)
]]>
            </full-stacktrace>
          </exception> <!-- java.lang.NullPointerException -->
          <reporter-output>
          </reporter-output>
        </test-method> <!-- runScenario -->
        <test-method signature="runScenario(io.cucumber.testng.PickleWrapper,io.cucumber.testng.FeatureWrapper)[pri:0, instance:CucumberIndex.CucumberRunner@2cb4893b]" started-at="2023-06-13T11:54:57 IST" name="runScenario" description="Runs Cucumber Scenarios" data-provider="scenarios" finished-at="2023-06-13T11:54:57 IST" duration-ms="50" status="FAIL">
          <params>
            <param index="0">
              <value>
                <![CDATA["Verify Unsuccessful login"]]>
              </value>
            </param>
            <param index="1">
              <value>
                <![CDATA["Optional[Facebook login functionality]"]]>
              </value>
            </param>
          </params>
          <exception class="java.lang.NullPointerException">
            <full-stacktrace>
              <![CDATA[java.lang.NullPointerException
at Steps_definitations.LoginSteps.open_the_url(LoginSteps.java:23)
at ✽.Open the url "https://www.facebook.com/"(file:///C:/Users/SVC/Downloads/automationfolder/WebApplicationAutomation/src/test/resources/Features/Webapplication_FacebookLogin.feature:16)
]]>
            </full-stacktrace>
          </exception> <!-- java.lang.NullPointerException -->
          <reporter-output>
          </reporter-output>
        </test-method> <!-- runScenario -->
        <test-method is-config="true" signature="tearDownClass()[pri:0, instance:CucumberIndex.CucumberRunner@2cb4893b]" started-at="2023-06-13T11:54:57 IST" name="tearDownClass" finished-at="2023-06-13T11:55:00 IST" duration-ms="3002" status="PASS">
          <reporter-output>
          </reporter-output>
        </test-method> <!-- tearDownClass -->
      </class> <!-- CucumberIndex.CucumberRunner -->
    </test> <!-- Test -->
  </suite> <!-- Suite -->
</testng-results>
